<?xml version="1.0" encoding="UTF-8"?>
<!-- Generated by org.testng.reporters.JUnitXMLReporter -->
<testsuite hostname="apple1.local" ignored="1" name="Akkadu application Smoke test" tests="6" failures="0" timestamp="19 Jun 2020 09:14:32 GMT" time="364.132" errors="0">
  <testcase name="loginToAkkaduAppTest" time="18.25" classname="com.akkadu.qa.uitests.SmokeTest"/>
  <testcase name="signUpToAkkaduAppTest" time="15.566" classname="com.akkadu.qa.uitests.SmokeTest"/>
  <testcase name="verifyToCreateEventTest" time="29.757" classname="com.akkadu.qa.uitests.SmokeTest"/>
  <testcase name="verifyToEditEventTest" time="81.946" classname="com.akkadu.qa.uitests.SmokeTest"/>
  <testcase name="verifyToManageSpeakersOnEvent" time="57.817" classname="com.akkadu.qa.uitests.SmokeTest"/>
  <testcase name="VerifyToStreamOnBroadcast" time="105.14" classname="com.akkadu.qa.uitests.SmokeTest"/>
  <testcase name="verifyToStreamingOnBroadcast" time="0.0" classname="com.akkadu.qa.uitests.SmokeTest">
    <ignored/>
  </testcase> <!-- verifyToStreamingOnBroadcast -->
</testsuite> <!-- Akkadu application Smoke test -->
