<?xml version="1.0" encoding="UTF-8"?>
<!-- Generated by org.testng.reporters.JUnitXMLReporter -->
<testsuite hostname="DESKTOP-8RJ2I6K" name="Fashion Dx application Functionality test" tests="4" failures="0" timestamp="12 Mar 2020 11:11:37 GMT" time="86.179" errors="0">
  <testcase name="loginToFashionDxTest" time="8.034" classname="com.fashion_dx.qa.uitests.LoginTest"/>
  <testcase name="verifyAllElementsUnderThreeDotMenu" time="8.4" classname="com.fashion_dx.qa.uitests.LoginTest"/>
  <testcase name="verifyAddShoppers" time="10.486" classname="com.fashion_dx.qa.uitests.LoginTest"/>
  <testcase name="addNewShopperAndProfile" time="16.821" classname="com.fashion_dx.qa.uitests.LoginTest"/>
</testsuite> <!-- Fashion Dx application Functionality test -->
