<?xml version="1.0" encoding="UTF-8"?>
<testng-results skipped="0" failed="1" ignored="6" total="7" passed="0">
  <reporter-output>
  </reporter-output>
  <suite name="Default suite" duration-ms="1449" started-at="2020-06-25T06:46:40Z" finished-at="2020-06-25T06:46:41Z">
    <groups>
    </groups>
    <test name="Default test" duration-ms="1449" started-at="2020-06-25T06:46:40Z" finished-at="2020-06-25T06:46:41Z">
      <class name="com.akkadu.qa.uitests.SmokeTest">
        <test-method status="PASS" signature="before()[pri:0, instance:com.akkadu.qa.uitests.SmokeTest@5f9b2141]" name="before" is-config="true" duration-ms="125" started-at="2020-06-25T06:46:40Z" finished-at="2020-06-25T06:46:40Z">
          <reporter-output>
          </reporter-output>
        </test-method> <!-- before -->
        <test-method status="PASS" signature="driversetup()[pri:0, instance:com.akkadu.qa.uitests.SmokeTest@5f9b2141]" name="driversetup" is-config="true" duration-ms="753" started-at="2020-06-25T06:46:40Z" finished-at="2020-06-25T06:46:40Z">
          <reporter-output>
          </reporter-output>
        </test-method> <!-- driversetup -->
        <test-method status="PASS" signature="initializePages()[pri:0, instance:com.akkadu.qa.uitests.SmokeTest@5f9b2141]" name="initializePages" is-config="true" duration-ms="2" started-at="2020-06-25T06:46:40Z" finished-at="2020-06-25T06:46:40Z">
          <reporter-output>
          </reporter-output>
        </test-method> <!-- initializePages -->
        <test-method status="FAIL" signature="loginToAkkaduAppTest()[pri:0, instance:com.akkadu.qa.uitests.SmokeTest@5f9b2141]" name="loginToAkkaduAppTest" duration-ms="635" started-at="2020-06-25T06:46:40Z" description="To verify login on Akkadu application" finished-at="2020-06-25T06:46:41Z">
          <exception class="java.lang.NullPointerException">
            <full-stacktrace>
              <![CDATA[java.lang.NullPointerException
at java.util.Objects.requireNonNull(Objects.java:203)
at org.openqa.selenium.support.ui.FluentWait.<init>(FluentWait.java:106)
at org.openqa.selenium.support.ui.WebDriverWait.<init>(WebDriverWait.java:85)
at org.openqa.selenium.support.ui.WebDriverWait.<init>(WebDriverWait.java:45)
at com.akkadu.qa.base.BasePage.<init>(BasePage.java:88)
at com.akkadu.qa.pages.LoginPage.<init>(LoginPage.java:47)
at com.akkadu.qa.pages.PageCollection.getLoginPage(PageCollection.java:59)
at com.akkadu.qa.uitests.SmokeTest.loginToAkkaduAppTest(SmokeTest.java:28)
at sun.reflect.NativeMethodAccessorImpl.invoke0(Native Method)
at sun.reflect.NativeMethodAccessorImpl.invoke(NativeMethodAccessorImpl.java:62)
at sun.reflect.DelegatingMethodAccessorImpl.invoke(DelegatingMethodAccessorImpl.java:43)
at java.lang.reflect.Method.invoke(Method.java:498)
at org.testng.internal.MethodInvocationHelper.invokeMethod(MethodInvocationHelper.java:124)
at org.testng.internal.Invoker.invokeMethod(Invoker.java:583)
at org.testng.internal.Invoker.invokeTestMethod(Invoker.java:719)
at org.testng.internal.Invoker.invokeTestMethods(Invoker.java:989)
at org.testng.internal.TestMethodWorker.invokeTestMethods(TestMethodWorker.java:125)
at org.testng.internal.TestMethodWorker.run(TestMethodWorker.java:109)
at org.testng.TestRunner.privateRun(TestRunner.java:648)
at org.testng.TestRunner.run(TestRunner.java:505)
at org.testng.SuiteRunner.runTest(SuiteRunner.java:455)
at org.testng.SuiteRunner.runSequentially(SuiteRunner.java:450)
at org.testng.SuiteRunner.privateRun(SuiteRunner.java:415)
at org.testng.SuiteRunner.run(SuiteRunner.java:364)
at org.testng.SuiteRunnerWorker.runSuite(SuiteRunnerWorker.java:52)
at org.testng.SuiteRunnerWorker.run(SuiteRunnerWorker.java:84)
at org.testng.TestNG.runSuitesSequentially(TestNG.java:1208)
at org.testng.TestNG.runSuitesLocally(TestNG.java:1137)
at org.testng.TestNG.runSuites(TestNG.java:1049)
at org.testng.TestNG.run(TestNG.java:1017)
at org.testng.remote.AbstractRemoteTestNG.run(AbstractRemoteTestNG.java:115)
at org.testng.remote.RemoteTestNG.initAndRun(RemoteTestNG.java:251)
at org.testng.remote.RemoteTestNG.main(RemoteTestNG.java:77)
]]>
            </full-stacktrace>
          </exception> <!-- java.lang.NullPointerException -->
          <reporter-output>
          </reporter-output>
        </test-method> <!-- loginToAkkaduAppTest -->
        <test-method status="FAIL" signature="afterMainMethod(org.testng.ITestResult)[pri:0, instance:com.akkadu.qa.uitests.SmokeTest@5f9b2141]" name="afterMainMethod" is-config="true" duration-ms="16" started-at="2020-06-25T06:46:41Z" finished-at="2020-06-25T06:46:41Z">
          <params>
            <param index="0">
              <value>
                <![CDATA[[TestResult name=loginToAkkaduAppTest status=FAILURE method=SmokeTest.loginToAkkaduAppTest()[pri:0, instance:com.akkadu.qa.uitests.SmokeTest@5f9b2141] output={null}]]]>
              </value>
            </param>
          </params>
          <exception class="java.lang.NullPointerException">
            <full-stacktrace>
              <![CDATA[java.lang.NullPointerException
at com.akkadu.qa.uitests.BaseTest.afterMainMethod(BaseTest.java:173)
at sun.reflect.NativeMethodAccessorImpl.invoke0(Native Method)
at sun.reflect.NativeMethodAccessorImpl.invoke(NativeMethodAccessorImpl.java:62)
at sun.reflect.DelegatingMethodAccessorImpl.invoke(DelegatingMethodAccessorImpl.java:43)
at java.lang.reflect.Method.invoke(Method.java:498)
at org.testng.internal.MethodInvocationHelper.invokeMethod(MethodInvocationHelper.java:124)
at org.testng.internal.MethodInvocationHelper.invokeMethodConsideringTimeout(MethodInvocationHelper.java:59)
at org.testng.internal.Invoker.invokeConfigurationMethod(Invoker.java:458)
at org.testng.internal.Invoker.invokeConfigurations(Invoker.java:222)
at org.testng.internal.Invoker.invokeMethod(Invoker.java:646)
at org.testng.internal.Invoker.invokeTestMethod(Invoker.java:719)
at org.testng.internal.Invoker.invokeTestMethods(Invoker.java:989)
at org.testng.internal.TestMethodWorker.invokeTestMethods(TestMethodWorker.java:125)
at org.testng.internal.TestMethodWorker.run(TestMethodWorker.java:109)
at org.testng.TestRunner.privateRun(TestRunner.java:648)
at org.testng.TestRunner.run(TestRunner.java:505)
at org.testng.SuiteRunner.runTest(SuiteRunner.java:455)
at org.testng.SuiteRunner.runSequentially(SuiteRunner.java:450)
at org.testng.SuiteRunner.privateRun(SuiteRunner.java:415)
at org.testng.SuiteRunner.run(SuiteRunner.java:364)
at org.testng.SuiteRunnerWorker.runSuite(SuiteRunnerWorker.java:52)
at org.testng.SuiteRunnerWorker.run(SuiteRunnerWorker.java:84)
at org.testng.TestNG.runSuitesSequentially(TestNG.java:1208)
at org.testng.TestNG.runSuitesLocally(TestNG.java:1137)
at org.testng.TestNG.runSuites(TestNG.java:1049)
at org.testng.TestNG.run(TestNG.java:1017)
at org.testng.remote.AbstractRemoteTestNG.run(AbstractRemoteTestNG.java:115)
at org.testng.remote.RemoteTestNG.initAndRun(RemoteTestNG.java:251)
at org.testng.remote.RemoteTestNG.main(RemoteTestNG.java:77)
]]>
            </full-stacktrace>
          </exception> <!-- java.lang.NullPointerException -->
          <reporter-output>
          </reporter-output>
        </test-method> <!-- afterMainMethod -->
        <test-method status="PASS" signature="tearDownSuite()[pri:0, instance:com.akkadu.qa.uitests.SmokeTest@5f9b2141]" name="tearDownSuite" is-config="true" duration-ms="1163" started-at="2020-06-25T06:46:41Z" finished-at="2020-06-25T06:46:42Z">
          <reporter-output>
          </reporter-output>
        </test-method> <!-- tearDownSuite -->
      </class> <!-- com.akkadu.qa.uitests.SmokeTest -->
    </test> <!-- Default test -->
  </suite> <!-- Default suite -->
</testng-results>
