<?xml version="1.0" encoding="UTF-8"?>
<testng-results skipped="0" failed="0" ignored="1" total="7" passed="6">
  <reporter-output>
  </reporter-output>
  <suite name="Suite" duration-ms="364132" started-at="2020-06-19T09:08:27Z" finished-at="2020-06-19T09:14:32Z">
    <groups>
    </groups>
    <test name="Akkadu application Smoke test" duration-ms="364132" started-at="2020-06-19T09:08:27Z" finished-at="2020-06-19T09:14:32Z">
      <class name="com.akkadu.qa.uitests.SmokeTest">
        <test-method status="PASS" signature="before()[pri:0, instance:com.akkadu.qa.uitests.SmokeTest@6c130c45]" name="before" is-config="true" duration-ms="124" started-at="2020-06-19T09:08:27Z" finished-at="2020-06-19T09:08:27Z">
          <reporter-output>
          </reporter-output>
        </test-method> <!-- before -->
        <test-method status="PASS" signature="driversetup()[pri:0, instance:com.akkadu.qa.uitests.SmokeTest@6c130c45]" name="driversetup" is-config="true" duration-ms="7220" started-at="2020-06-19T09:08:27Z" finished-at="2020-06-19T09:08:35Z">
          <reporter-output>
          </reporter-output>
        </test-method> <!-- driversetup -->
        <test-method status="PASS" signature="initializePages()[pri:0, instance:com.akkadu.qa.uitests.SmokeTest@6c130c45]" name="initializePages" is-config="true" duration-ms="96" started-at="2020-06-19T09:08:35Z" finished-at="2020-06-19T09:08:35Z">
          <reporter-output>
          </reporter-output>
        </test-method> <!-- initializePages -->
        <test-method status="PASS" signature="loginToAkkaduAppTest()[pri:0, instance:com.akkadu.qa.uitests.SmokeTest@6c130c45]" name="loginToAkkaduAppTest" duration-ms="18250" started-at="2020-06-19T09:08:35Z" description="To verify login on Akkadu application" finished-at="2020-06-19T09:08:53Z">
          <reporter-output>
          </reporter-output>
        </test-method> <!-- loginToAkkaduAppTest -->
        <test-method status="PASS" signature="afterMainMethod(org.testng.ITestResult)[pri:0, instance:com.akkadu.qa.uitests.SmokeTest@6c130c45]" name="afterMainMethod" is-config="true" duration-ms="439" started-at="2020-06-19T09:08:53Z" finished-at="2020-06-19T09:08:53Z">
          <params>
            <param index="0">
              <value>
                <![CDATA[[TestResult name=loginToAkkaduAppTest status=SUCCESS method=SmokeTest.loginToAkkaduAppTest()[pri:0, instance:com.akkadu.qa.uitests.SmokeTest@6c130c45] output={null}]]]>
              </value>
            </param>
          </params>
          <reporter-output>
          </reporter-output>
        </test-method> <!-- afterMainMethod -->
        <test-method status="PASS" signature="driversetup()[pri:0, instance:com.akkadu.qa.uitests.SmokeTest@6c130c45]" name="driversetup" is-config="true" duration-ms="3600" started-at="2020-06-19T09:08:53Z" finished-at="2020-06-19T09:08:57Z">
          <reporter-output>
          </reporter-output>
        </test-method> <!-- driversetup -->
        <test-method status="PASS" signature="initializePages()[pri:0, instance:com.akkadu.qa.uitests.SmokeTest@6c130c45]" name="initializePages" is-config="true" duration-ms="1" started-at="2020-06-19T09:08:57Z" finished-at="2020-06-19T09:08:57Z">
          <reporter-output>
          </reporter-output>
        </test-method> <!-- initializePages -->
        <test-method status="PASS" signature="signUpToAkkaduAppTest()[pri:0, instance:com.akkadu.qa.uitests.SmokeTest@6c130c45]" name="signUpToAkkaduAppTest" duration-ms="15566" started-at="2020-06-19T09:08:57Z" description="To verify signup on Akkadu application" finished-at="2020-06-19T09:09:13Z">
          <reporter-output>
          </reporter-output>
        </test-method> <!-- signUpToAkkaduAppTest -->
        <test-method status="PASS" signature="afterMainMethod(org.testng.ITestResult)[pri:0, instance:com.akkadu.qa.uitests.SmokeTest@6c130c45]" name="afterMainMethod" is-config="true" duration-ms="81" started-at="2020-06-19T09:09:13Z" finished-at="2020-06-19T09:09:13Z">
          <params>
            <param index="0">
              <value>
                <![CDATA[[TestResult name=signUpToAkkaduAppTest status=SUCCESS method=SmokeTest.signUpToAkkaduAppTest()[pri:0, instance:com.akkadu.qa.uitests.SmokeTest@6c130c45] output={null}]]]>
              </value>
            </param>
          </params>
          <reporter-output>
          </reporter-output>
        </test-method> <!-- afterMainMethod -->
        <test-method status="PASS" signature="driversetup()[pri:0, instance:com.akkadu.qa.uitests.SmokeTest@6c130c45]" name="driversetup" is-config="true" duration-ms="4099" started-at="2020-06-19T09:09:13Z" finished-at="2020-06-19T09:09:17Z">
          <reporter-output>
          </reporter-output>
        </test-method> <!-- driversetup -->
        <test-method status="PASS" signature="initializePages()[pri:0, instance:com.akkadu.qa.uitests.SmokeTest@6c130c45]" name="initializePages" is-config="true" duration-ms="32" started-at="2020-06-19T09:09:17Z" finished-at="2020-06-19T09:09:17Z">
          <reporter-output>
          </reporter-output>
        </test-method> <!-- initializePages -->
        <test-method status="PASS" signature="verifyToCreateEventTest()[pri:0, instance:com.akkadu.qa.uitests.SmokeTest@6c130c45]" name="verifyToCreateEventTest" duration-ms="29757" started-at="2020-06-19T09:09:17Z" description="To verify create event" finished-at="2020-06-19T09:09:47Z">
          <reporter-output>
          </reporter-output>
        </test-method> <!-- verifyToCreateEventTest -->
        <test-method status="PASS" signature="afterMainMethod(org.testng.ITestResult)[pri:0, instance:com.akkadu.qa.uitests.SmokeTest@6c130c45]" name="afterMainMethod" is-config="true" duration-ms="71" started-at="2020-06-19T09:09:47Z" finished-at="2020-06-19T09:09:47Z">
          <params>
            <param index="0">
              <value>
                <![CDATA[[TestResult name=verifyToCreateEventTest status=SUCCESS method=SmokeTest.verifyToCreateEventTest()[pri:0, instance:com.akkadu.qa.uitests.SmokeTest@6c130c45] output={null}]]]>
              </value>
            </param>
          </params>
          <reporter-output>
          </reporter-output>
        </test-method> <!-- afterMainMethod -->
        <test-method status="PASS" signature="driversetup()[pri:0, instance:com.akkadu.qa.uitests.SmokeTest@6c130c45]" name="driversetup" is-config="true" duration-ms="8463" started-at="2020-06-19T09:09:47Z" finished-at="2020-06-19T09:09:55Z">
          <reporter-output>
          </reporter-output>
        </test-method> <!-- driversetup -->
        <test-method status="PASS" signature="initializePages()[pri:0, instance:com.akkadu.qa.uitests.SmokeTest@6c130c45]" name="initializePages" is-config="true" duration-ms="41" started-at="2020-06-19T09:09:55Z" finished-at="2020-06-19T09:09:55Z">
          <reporter-output>
          </reporter-output>
        </test-method> <!-- initializePages -->
        <test-method status="PASS" signature="verifyToEditEventTest()[pri:0, instance:com.akkadu.qa.uitests.SmokeTest@6c130c45]" name="verifyToEditEventTest" duration-ms="81946" started-at="2020-06-19T09:09:55Z" description="To verify edit event" finished-at="2020-06-19T09:11:17Z">
          <reporter-output>
          </reporter-output>
        </test-method> <!-- verifyToEditEventTest -->
        <test-method status="PASS" signature="afterMainMethod(org.testng.ITestResult)[pri:0, instance:com.akkadu.qa.uitests.SmokeTest@6c130c45]" name="afterMainMethod" is-config="true" duration-ms="857" started-at="2020-06-19T09:11:17Z" finished-at="2020-06-19T09:11:18Z">
          <params>
            <param index="0">
              <value>
                <![CDATA[[TestResult name=verifyToEditEventTest status=SUCCESS method=SmokeTest.verifyToEditEventTest()[pri:0, instance:com.akkadu.qa.uitests.SmokeTest@6c130c45] output={null}]]]>
              </value>
            </param>
          </params>
          <reporter-output>
          </reporter-output>
        </test-method> <!-- afterMainMethod -->
        <test-method status="PASS" signature="driversetup()[pri:0, instance:com.akkadu.qa.uitests.SmokeTest@6c130c45]" name="driversetup" is-config="true" duration-ms="14756" started-at="2020-06-19T09:11:18Z" finished-at="2020-06-19T09:11:33Z">
          <reporter-output>
          </reporter-output>
        </test-method> <!-- driversetup -->
        <test-method status="PASS" signature="initializePages()[pri:0, instance:com.akkadu.qa.uitests.SmokeTest@6c130c45]" name="initializePages" is-config="true" duration-ms="49" started-at="2020-06-19T09:11:33Z" finished-at="2020-06-19T09:11:33Z">
          <reporter-output>
          </reporter-output>
        </test-method> <!-- initializePages -->
        <test-method status="PASS" signature="verifyToManageSpeakersOnEvent()[pri:0, instance:com.akkadu.qa.uitests.SmokeTest@6c130c45]" name="verifyToManageSpeakersOnEvent" duration-ms="57817" started-at="2020-06-19T09:11:33Z" description="To verify manage speaker" finished-at="2020-06-19T09:12:31Z">
          <reporter-output>
          </reporter-output>
        </test-method> <!-- verifyToManageSpeakersOnEvent -->
        <test-method status="PASS" signature="afterMainMethod(org.testng.ITestResult)[pri:0, instance:com.akkadu.qa.uitests.SmokeTest@6c130c45]" name="afterMainMethod" is-config="true" duration-ms="292" started-at="2020-06-19T09:12:31Z" finished-at="2020-06-19T09:12:31Z">
          <params>
            <param index="0">
              <value>
                <![CDATA[[TestResult name=verifyToManageSpeakersOnEvent status=SUCCESS method=SmokeTest.verifyToManageSpeakersOnEvent()[pri:0, instance:com.akkadu.qa.uitests.SmokeTest@6c130c45] output={null}]]]>
              </value>
            </param>
          </params>
          <reporter-output>
          </reporter-output>
        </test-method> <!-- afterMainMethod -->
        <test-method status="PASS" signature="driversetup()[pri:0, instance:com.akkadu.qa.uitests.SmokeTest@6c130c45]" name="driversetup" is-config="true" duration-ms="15224" started-at="2020-06-19T09:12:31Z" finished-at="2020-06-19T09:12:46Z">
          <reporter-output>
          </reporter-output>
        </test-method> <!-- driversetup -->
        <test-method status="PASS" signature="initializePages()[pri:0, instance:com.akkadu.qa.uitests.SmokeTest@6c130c45]" name="initializePages" is-config="true" duration-ms="75" started-at="2020-06-19T09:12:46Z" finished-at="2020-06-19T09:12:46Z">
          <reporter-output>
          </reporter-output>
        </test-method> <!-- initializePages -->
        <test-method status="PASS" signature="VerifyToStreamOnBroadcast()[pri:0, instance:com.akkadu.qa.uitests.SmokeTest@6c130c45]" name="VerifyToStreamOnBroadcast" duration-ms="105140" started-at="2020-06-19T09:12:46Z" description="To verify Streaming and Event display on Interpreter&#039;s end" finished-at="2020-06-19T09:14:31Z">
          <reporter-output>
          </reporter-output>
        </test-method> <!-- VerifyToStreamOnBroadcast -->
        <test-method status="PASS" signature="afterMainMethod(org.testng.ITestResult)[pri:0, instance:com.akkadu.qa.uitests.SmokeTest@6c130c45]" name="afterMainMethod" is-config="true" duration-ms="188" started-at="2020-06-19T09:14:31Z" finished-at="2020-06-19T09:14:32Z">
          <params>
            <param index="0">
              <value>
                <![CDATA[[TestResult name=VerifyToStreamOnBroadcast status=SUCCESS method=SmokeTest.VerifyToStreamOnBroadcast()[pri:0, instance:com.akkadu.qa.uitests.SmokeTest@6c130c45] output={null}]]]>
              </value>
            </param>
          </params>
          <reporter-output>
          </reporter-output>
        </test-method> <!-- afterMainMethod -->
        <test-method status="PASS" signature="tearDownSuite()[pri:0, instance:com.akkadu.qa.uitests.SmokeTest@6c130c45]" name="tearDownSuite" is-config="true" duration-ms="208" started-at="2020-06-19T09:14:32Z" finished-at="2020-06-19T09:14:32Z">
          <reporter-output>
          </reporter-output>
        </test-method> <!-- tearDownSuite -->
      </class> <!-- com.akkadu.qa.uitests.SmokeTest -->
    </test> <!-- Akkadu application Smoke test -->
  </suite> <!-- Suite -->
</testng-results>
